[INFO] Saved dataset: C:\Users\oronbarazani\OneDrive - Technion\DS\Tags\VVI\processed\strain_dataset.parquet with 976 rows (29 patients, 55 studies).
[INFO] Saved dataset: C:\Users\oronbarazani\OneDrive - Technion\DS\Tags\VVI\processed\strain_dataset.parquet with 976 rows (29 patients, 55 studies).
[WARNING] XML not found for DICOM '1.2.840.113663.1500.1.392123875.3.34.20191224.175424.751' under C:\Users\oronbarazani\OneDrive - Technion\DS\Tags\VVI\Anonymous (row 0)
[WARNING] XML not found for DICOM '1.2.840.113663.1500.1.392123875.3.31.20191224.175226.860' under C:\Users\oronbarazani\OneDrive - Technion\DS\Tags\VVI\Anonymous (row 0)
[WARNING] XML not found for DICOM '1.2.840.113663.1500.1.392123875.3.30.20200615.94947.27' under C:\Users\oronbarazani\OneDrive - Technion\DS\Tags\VVI\Anonymous (row 1)
[WARNING] XML not found for DICOM '1.2.840.113663.1500.1.392123875.3.27.20200615.94917.658' under C:\Users\oronbarazani\OneDrive - Technion\DS\Tags\VVI\Anonymous (row 1)
[WARNING] XML not found for DICOM '1.2.840.113663.1500.1.392123875.3.24.20200910.102310.157' under C:\Users\oronbarazani\OneDrive - Technion\DS\Tags\VVI\Anonymous (row 2)
[WARNING] XML not found for DICOM '1.2.840.113663.1500.1.392123875.3.22.20200910.102254.584' under C:\Users\oronbarazani\OneDrive - Technion\DS\Tags\VVI\Anonymous (row 2)
[WARNING] XML not found for DICOM '1.2.840.113619.2.391.71622.1606390722.290.1.512' under C:\Users\oronbarazani\OneDrive - Technion\DS\Tags\VVI\Anonymous (row 3)
[WARNING] XML not found for DICOM '1.2.840.113619.2.391.71622.1606390584.282.1.512' under C:\Users\oronbarazani\OneDrive - Technion\DS\Tags\VVI\Anonymous (row 3)
[WARNING] XML not found for DICOM '1.2.840.113663.1500.1.392123875.3.59.20180610.75814.710' under C:\Users\oronbarazani\OneDrive - Technion\DS\Tags\VVI\Anonymous (row 10)
[WARNING] XML not found for DICOM '1.2.840.113663.1500.1.392123875.3.60.20180610.75827.51' under C:\Users\oronbarazani\OneDrive - Technion\DS\Tags\VVI\Anonymous (row 10)
[WARNING] XML not found for DICOM '1.2.840.113663.1500.1.458610090.3.44.20190203.170600.987' under C:\Users\oronbarazani\OneDrive - Technion\DS\Tags\VVI\Anonymous (row 11)
[WARNING] XML not found for DICOM '1.2.840.113663.1500.1.458610090.3.34.20190203.170211.53' under C:\Users\oronbarazani\OneDrive - Technion\DS\Tags\VVI\Anonymous (row 11)
[WARNING] XML not found for DICOM '1.2.840.113663.1500.1.435404991.3.50.20190506.150957.324' under C:\Users\oronbarazani\OneDrive - Technion\DS\Tags\VVI\Anonymous (row 12)
[WARNING] XML not found for DICOM '1.2.840.113663.1500.1.435404991.3.31.20190506.150154.805' under C:\Users\oronbarazani\OneDrive - Technion\DS\Tags\VVI\Anonymous (row 12)
[WARNING] XML not found for DICOM '1.2.840.113619.2.391.71622.1613478445.38.1.512' under C:\Users\oronbarazani\OneDrive - Technion\DS\Tags\VVI\Anonymous (row 13)
[WARNING] XML not found for DICOM '1.2.840.113619.2.391.71622.1613478279.35.1.512' under C:\Users\oronbarazani\OneDrive - Technion\DS\Tags\VVI\Anonymous (row 13)
[WARNING] XML not found for DICOM '1.2.840.113619.2.391.71619.1632066818.518.1.512' under C:\Users\oronbarazani\OneDrive - Technion\DS\Tags\VVI\Anonymous (row 14)
[WARNING] XML not found for DICOM '1.2.840.113619.2.391.71619.1632066784.515.1.512' under C:\Users\oronbarazani\OneDrive - Technion\DS\Tags\VVI\Anonymous (row 14)
[WARNING] XML not found for DICOM '1.2.840.113619.2.394.211705.1639937010.7.1.512' under C:\Users\oronbarazani\OneDrive - Technion\DS\Tags\VVI\Anonymous (row 15)
[WARNING] XML not found for DICOM '1.2.840.113619.2.394.211705.1639936983.4.1.512' under C:\Users\oronbarazani\OneDrive - Technion\DS\Tags\VVI\Anonymous (row 15)
[WARNING] XML not found for DICOM '1.2.840.113663.1500.1.403135434.3.30.20190829.102612.531' under C:\Users\oronbarazani\OneDrive - Technion\DS\Tags\VVI\Anonymous (row 18)
[WARNING] XML not found for DICOM '1.2.840.113663.1500.1.403135434.3.23.20190829.102313.972' under C:\Users\oronbarazani\OneDrive - Technion\DS\Tags\VVI\Anonymous (row 18)
[WARNING] XML not found for DICOM '1.2.840.113663.1500.1.435404991.3.29.20191210.150639.689' under C:\Users\oronbarazani\OneDrive - Technion\DS\Tags\VVI\Anonymous (row 19)
[WARNING] XML not found for DICOM '1.2.840.113663.1500.1.435404991.3.39.20191210.151029.74' under C:\Users\oronbarazani\OneDrive - Technion\DS\Tags\VVI\Anonymous (row 19)
[WARNING] XML not found for DICOM '1.2.840.113663.1500.1.435404991.3.29.20200804.160608.832' under C:\Users\oronbarazani\OneDrive - Technion\DS\Tags\VVI\Anonymous (row 20)
[WARNING] XML not found for DICOM '1.2.840.113663.1500.1.435404991.3.52.20200804.161549.738' under C:\Users\oronbarazani\OneDrive - Technion\DS\Tags\VVI\Anonymous (row 20)
[WARNING] XML not found for DICOM '1.2.840.113663.1500.1.392123875.3.84.20190926.113203.378' under C:\Users\oronbarazani\OneDrive - Technion\DS\Tags\VVI\Anonymous (row 21)
[WARNING] XML not found for DICOM '1.2.840.113663.1500.1.392123875.3.59.20190926.112759.552' under C:\Users\oronbarazani\OneDrive - Technion\DS\Tags\VVI\Anonymous (row 21)
[WARNING] XML not found for DICOM '1.2.840.113619.2.391.71622.1631536703.152.1.512' under C:\Users\oronbarazani\OneDrive - Technion\DS\Tags\VVI\Anonymous (row 23)
[WARNING] XML not found for DICOM '1.2.840.113619.2.391.71622.1631536664.150.1.512' under C:\Users\oronbarazani\OneDrive - Technion\DS\Tags\VVI\Anonymous (row 23)
[WARNING] XML not found for DICOM '1.2.840.113619.2.391.71622.1661159465.28.1.512' under C:\Users\oronbarazani\OneDrive - Technion\DS\Tags\VVI\Anonymous (row 24)
[WARNING] XML not found for DICOM '1.2.840.113619.2.391.71622.1661159421.24.1.512' under C:\Users\oronbarazani\OneDrive - Technion\DS\Tags\VVI\Anonymous (row 24)
[WARNING] XML not found for DICOM '1.2.840.113619.2.391.71622.1609241842.128.1.512' under C:\Users\oronbarazani\OneDrive - Technion\DS\Tags\VVI\Anonymous (row 27)
[WARNING] XML not found for DICOM '1.2.840.113619.2.391.71622.1609241852.129.1.512' under C:\Users\oronbarazani\OneDrive - Technion\DS\Tags\VVI\Anonymous (row 27)
[WARNING] XML not found for DICOM '1.2.840.113663.1500.1.392123875.3.59.20210412.93229.890' under C:\Users\oronbarazani\OneDrive - Technion\DS\Tags\VVI\Anonymous (row 28)
[WARNING] XML not found for DICOM '1.2.840.113663.1500.1.392123875.3.32.20210412.92912.618' under C:\Users\oronbarazani\OneDrive - Technion\DS\Tags\VVI\Anonymous (row 28)
[WARNING] XML not found for DICOM '1.2.840.113663.1500.1.458610090.3.40.20210809.160045.491' under C:\Users\oronbarazani\OneDrive - Technion\DS\Tags\VVI\Anonymous (row 29)
[WARNING] XML not found for DICOM '1.2.840.113663.1500.1.458610090.3.27.20210809.155646.546' under C:\Users\oronbarazani\OneDrive - Technion\DS\Tags\VVI\Anonymous (row 29)
[WARNING] XML not found for DICOM '1.2.840.113619.2.391.71619.1650442471.35.1.512' under C:\Users\oronbarazani\OneDrive - Technion\DS\Tags\VVI\Anonymous (row 30)
[WARNING] XML not found for DICOM '1.2.840.113619.2.391.71619.1650442487.36.1.512' under C:\Users\oronbarazani\OneDrive - Technion\DS\Tags\VVI\Anonymous (row 30)
[WARNING] XML not found for DICOM '1.2.840.113619.2.391.71619.1656839974.41.1.512' under C:\Users\oronbarazani\OneDrive - Technion\DS\Tags\VVI\Anonymous (row 31)
[WARNING] XML not found for DICOM '1.2.840.113619.2.391.71619.1656839698.23.1.512' under C:\Users\oronbarazani\OneDrive - Technion\DS\Tags\VVI\Anonymous (row 31)
[WARNING] XML not found for DICOM '1.2.840.113619.2.391.71619.1661682851.26.1.512' under C:\Users\oronbarazani\OneDrive - Technion\DS\Tags\VVI\Anonymous (row 32)
[WARNING] XML not found for DICOM '1.2.840.113619.2.391.71619.1661682821.25.1.512' under C:\Users\oronbarazani\OneDrive - Technion\DS\Tags\VVI\Anonymous (row 32)
[WARNING] XML not found for DICOM '1.2.840.113619.2.391.71619.1669549142.146.1.512' under C:\Users\oronbarazani\OneDrive - Technion\DS\Tags\VVI\Anonymous (row 33)
[WARNING] XML not found for DICOM '1.2.840.113619.2.391.71619.1669548985.135.1.512' under C:\Users\oronbarazani\OneDrive - Technion\DS\Tags\VVI\Anonymous (row 33)
[WARNING] XML not found for DICOM '1.2.840.113619.2.394.211705.1677154018.8.1.512' under C:\Users\oronbarazani\OneDrive - Technion\DS\Tags\VVI\Anonymous (row 34)
[WARNING] XML not found for DICOM '1.2.840.113619.2.394.211705.1677153979.3.1.512' under C:\Users\oronbarazani\OneDrive - Technion\DS\Tags\VVI\Anonymous (row 34)
[WARNING] XML not found for DICOM '1.2.840.113663.1500.1.435404991.3.48.20211110.173723.445' under C:\Users\oronbarazani\OneDrive - Technion\DS\Tags\VVI\Anonymous (row 40)
[WARNING] XML not found for DICOM '1.2.840.113663.1500.1.435404991.3.31.20211110.173229.973' under C:\Users\oronbarazani\OneDrive - Technion\DS\Tags\VVI\Anonymous (row 40)
[WARNING] XML not found for DICOM '1.2.840.113619.2.394.211705.1644405394.159.1.512' under C:\Users\oronbarazani\OneDrive - Technion\DS\Tags\VVI\Anonymous (row 41)
[WARNING] XML not found for DICOM '1.2.840.113619.2.394.211705.1644405035.135.1.512' under C:\Users\oronbarazani\OneDrive - Technion\DS\Tags\VVI\Anonymous (row 41)
[WARNING] XML not found for DICOM '1.2.840.113619.2.391.71622.1651418605.658.1.512' under C:\Users\oronbarazani\OneDrive - Technion\DS\Tags\VVI\Anonymous (row 42)
[WARNING] XML not found for DICOM '1.2.840.113619.2.391.71622.1651418582.656.1.512' under C:\Users\oronbarazani\OneDrive - Technion\DS\Tags\VVI\Anonymous (row 42)
[WARNING] XML not found for DICOM '1.2.840.113619.2.391.71622.1670868248.119.1.512' under C:\Users\oronbarazani\OneDrive - Technion\DS\Tags\VVI\Anonymous (row 43)
[WARNING] XML not found for DICOM '1.2.840.113619.2.391.71622.1670868218.118.1.512' under C:\Users\oronbarazani\OneDrive - Technion\DS\Tags\VVI\Anonymous (row 43)
[WARNING] XML not found for DICOM '1.2.840.113619.2.391.71622.1653469047.129.1.512' under C:\Users\oronbarazani\OneDrive - Technion\DS\Tags\VVI\Anonymous (row 44)
[WARNING] XML not found for DICOM '1.2.840.113619.2.391.71622.1653469037.128.1.512' under C:\Users\oronbarazani\OneDrive - Technion\DS\Tags\VVI\Anonymous (row 44)
[WARNING] XML not found for DICOM '1.2.840.113619.2.391.71622.1661096802.353.1.512' under C:\Users\oronbarazani\OneDrive - Technion\DS\Tags\VVI\Anonymous (row 45)
[WARNING] XML not found for DICOM '1.2.840.113619.2.391.71622.1661096750.349.1.512' under C:\Users\oronbarazani\OneDrive - Technion\DS\Tags\VVI\Anonymous (row 45)
[WARNING] XML not found for DICOM '1.2.840.113619.2.394.211705.1673195937.5.1.512' under C:\Users\oronbarazani\OneDrive - Technion\DS\Tags\VVI\Anonymous (row 46)
[WARNING] XML not found for DICOM '1.2.840.113619.2.394.211705.1673195923.3.1.512' under C:\Users\oronbarazani\OneDrive - Technion\DS\Tags\VVI\Anonymous (row 46)
[WARNING] XML not found for DICOM '1.2.840.113619.2.391.71619.1680447653.499.1.512' under C:\Users\oronbarazani\OneDrive - Technion\DS\Tags\VVI\Anonymous (row 47)
[WARNING] XML not found for DICOM '1.2.840.113619.2.391.71619.1680447566.491.1.512' under C:\Users\oronbarazani\OneDrive - Technion\DS\Tags\VVI\Anonymous (row 47)
[WARNING] XML not found for DICOM '1.2.840.113619.2.391.71622.1627389820.444.1.512' under C:\Users\oronbarazani\OneDrive - Technion\DS\Tags\VVI\Anonymous (row 50)
[WARNING] XML not found for DICOM '1.2.840.113663.1500.1.248204742.3.29.20180221.82933.578' under C:\Users\oronbarazani\OneDrive - Technion\DS\Tags\VVI\Anonymous (row 67)
[WARNING] XML not found for DICOM '1.2.840.113663.1500.1.248204742.3.20.20180221.82537.562' under C:\Users\oronbarazani\OneDrive - Technion\DS\Tags\VVI\Anonymous (row 67)
[WARNING] XML not found for DICOM '1.2.840.113663.1500.1.435404991.3.38.20180107.101105.476' under C:\Users\oronbarazani\OneDrive - Technion\DS\Tags\VVI\Anonymous (row 83)
[WARNING] XML not found for DICOM '1.2.840.113663.1500.1.435404991.3.39.20180107.101110.76' under C:\Users\oronbarazani\OneDrive - Technion\DS\Tags\VVI\Anonymous (row 83)
[WARNING] XML not found for DICOM '1.2.840.113663.1500.1.379902169.3.84.20180415.90518.406' under C:\Users\oronbarazani\OneDrive - Technion\DS\Tags\VVI\Anonymous (row 137)
[WARNING] XML not found for DICOM '1.2.840.113663.1500.1.379902169.3.61.20180415.85138.46' under C:\Users\oronbarazani\OneDrive - Technion\DS\Tags\VVI\Anonymous (row 137)
[WARNING] XML not found for DICOM '1.2.840.113663.1500.1.248204742.3.25.20180117.130051.890' under C:\Users\oronbarazani\OneDrive - Technion\DS\Tags\VVI\Anonymous (row 195)
[WARNING] XML not found for DICOM '1.2.840.113663.1500.1.248204742.3.26.20180501.103256.203' under C:\Users\oronbarazani\OneDrive - Technion\DS\Tags\VVI\Anonymous (row 197)
[WARNING] XML not found for DICOM '1.2.840.113663.1500.1.248204742.3.23.20180501.103205.437' under C:\Users\oronbarazani\OneDrive - Technion\DS\Tags\VVI\Anonymous (row 197)
[WARNING] XML not found for DICOM '1.2.840.113663.1500.1.379902169.3.36.20180603.131447.343' under C:\Users\oronbarazani\OneDrive - Technion\DS\Tags\VVI\Anonymous (row 204)
[WARNING] XML not found for DICOM '1.2.840.113663.1500.1.392123875.3.31.20180204.161130.386' under C:\Users\oronbarazani\OneDrive - Technion\DS\Tags\VVI\Anonymous (row 206)
[WARNING] XML not found for DICOM '1.2.840.113663.1500.1.392123875.3.34.20180204.161149.504' under C:\Users\oronbarazani\OneDrive - Technion\DS\Tags\VVI\Anonymous (row 206)
[WARNING] XML not found for DICOM '1.2.840.113663.1500.1.379902169.3.62.20180225.152719.78' under C:\Users\oronbarazani\OneDrive - Technion\DS\Tags\VVI\Anonymous (row 207)
[WARNING] XML not found for DICOM '1.2.840.113663.1500.1.379902169.3.31.20180225.152136.453' under C:\Users\oronbarazani\OneDrive - Technion\DS\Tags\VVI\Anonymous (row 207)
[WARNING] XML not found for DICOM '1.2.840.113663.1500.1.392123875.3.65.20201209.171942.642' under C:\Users\oronbarazani\OneDrive - Technion\DS\Tags\VVI\Anonymous (row 215)
[WARNING] XML not found for DICOM '1.2.840.113663.1500.1.403113227.3.38.20210426.122422.632' under C:\Users\oronbarazani\OneDrive - Technion\DS\Tags\VVI\Anonymous (row 216)
[WARNING] XML not found for DICOM '1.2.840.113663.1500.1.379902169.3.27.20180123.194717.406' under C:\Users\oronbarazani\OneDrive - Technion\DS\Tags\VVI\Anonymous (row 222)
[WARNING] XML not found for DICOM '1.2.840.113663.1500.1.379902169.3.24.20180123.194630.796' under C:\Users\oronbarazani\OneDrive - Technion\DS\Tags\VVI\Anonymous (row 222)
[WARNING] XML not found for DICOM '1.2.840.113663.1500.1.435404991.3.24.20180507.173427.271' under C:\Users\oronbarazani\OneDrive - Technion\DS\Tags\VVI\Anonymous (row 223)
[WARNING] XML not found for DICOM '1.2.840.113663.1500.1.435404991.3.32.20180507.173913.960' under C:\Users\oronbarazani\OneDrive - Technion\DS\Tags\VVI\Anonymous (row 223)
[WARNING] XML not found for DICOM '1.2.840.113619.2.391.71619.1606152892.298.1.512' under C:\Users\oronbarazani\OneDrive - Technion\DS\Tags\VVI\Anonymous (row 240)
[WARNING] XML not found for DICOM '1.2.840.113663.1500.1.248204742.3.44.20180311.92356.0' under C:\Users\oronbarazani\OneDrive - Technion\DS\Tags\VVI\Anonymous (row 285)
[WARNING] XML not found for DICOM '1.2.840.113663.1500.1.248204742.3.43.20180311.92343.859' under C:\Users\oronbarazani\OneDrive - Technion\DS\Tags\VVI\Anonymous (row 285)
[WARNING] XML not found for DICOM '1.2.840.113663.1500.1.248204742.3.29.20180506.164148.234' under C:\Users\oronbarazani\OneDrive - Technion\DS\Tags\VVI\Anonymous (row 308)
[WARNING] XML not found for DICOM '1.2.840.113663.1500.1.248204742.3.27.20180506.164128.859' under C:\Users\oronbarazani\OneDrive - Technion\DS\Tags\VVI\Anonymous (row 308)
[WARNING] XML not found for DICOM '1.2.840.113619.2.391.71619.1626701747.286.1.512' under C:\Users\oronbarazani\OneDrive - Technion\DS\Tags\VVI\Anonymous (row 328)
[WARNING] XML not found for DICOM '1.2.840.113663.1500.1.435404991.3.50.20180212.95714.552' under C:\Users\oronbarazani\OneDrive - Technion\DS\Tags\VVI\Anonymous (row 348)
[WARNING] XML not found for DICOM '1.2.840.113663.1500.1.435404991.3.24.20180212.94910.117' under C:\Users\oronbarazani\OneDrive - Technion\DS\Tags\VVI\Anonymous (row 348)
[WARNING] XML not found for DICOM '1.2.840.113663.1500.1.379902169.3.61.20210729.105735.562' under C:\Users\oronbarazani\OneDrive - Technion\DS\Tags\VVI\Anonymous (row 355)
[WARNING] XML not found for DICOM '1.2.840.113663.1500.1.248204742.3.48.20180415.104304.296' under C:\Users\oronbarazani\OneDrive - Technion\DS\Tags\VVI\Anonymous (row 361)
[WARNING] XML not found for DICOM '1.2.840.113663.1500.1.248204742.3.31.20180415.103636.703' under C:\Users\oronbarazani\OneDrive - Technion\DS\Tags\VVI\Anonymous (row 361)
[WARNING] XML not found for DICOM '1.2.840.113663.1500.1.248204742.3.32.20180123.100421.203' under C:\Users\oronbarazani\OneDrive - Technion\DS\Tags\VVI\Anonymous (row 380)
[WARNING] XML not found for DICOM '1.2.840.113663.1500.1.248204742.3.40.20180123.100603.156' under C:\Users\oronbarazani\OneDrive - Technion\DS\Tags\VVI\Anonymous (row 380)
[WARNING] XML not found for DICOM '1.2.840.113663.1500.1.392123875.3.26.20180110.92634.86' under C:\Users\oronbarazani\OneDrive - Technion\DS\Tags\VVI\Anonymous (row 398)
[WARNING] XML not found for DICOM '1.2.840.113663.1500.1.392123875.3.21.20180110.92447.851' under C:\Users\oronbarazani\OneDrive - Technion\DS\Tags\VVI\Anonymous (row 398)
[WARNING] XML not found for DICOM '1.2.840.113619.2.391.71622.1624804955.383.1.512' under C:\Users\oronbarazani\OneDrive - Technion\DS\Tags\VVI\Anonymous (row 409)
[WARNING] XML not found for DICOM '1.2.840.113619.2.391.71622.1624805111.395.1.512' under C:\Users\oronbarazani\OneDrive - Technion\DS\Tags\VVI\Anonymous (row 409)
[WARNING] XML not found for DICOM '1.2.840.113619.2.391.71622.1624804848.377.1.512' under C:\Users\oronbarazani\OneDrive - Technion\DS\Tags\VVI\Anonymous (row 409)
[WARNING] XML not found for DICOM '1.2.840.113619.2.391.71622.1624804945.382.1.512' under C:\Users\oronbarazani\OneDrive - Technion\DS\Tags\VVI\Anonymous (row 409)
[WARNING] XML not found for DICOM '1.2.840.113619.2.391.71622.1624805104.394.1.512' under C:\Users\oronbarazani\OneDrive - Technion\DS\Tags\VVI\Anonymous (row 409)
[ERROR] No records parsed. Check paths and XML structure.
[WARNING] Skipped saving empty dataset.
[WARNING] XML not found for DICOM '1.2.840.113663.1500.1.392123875.3.34.20191224.175424.751' under C:\Users\oronbarazani\OneDrive - Technion\DS\Tags\VVI\Anonymous (row 0)
[WARNING] XML not found for DICOM '1.2.840.113663.1500.1.392123875.3.31.20191224.175226.860' under C:\Users\oronbarazani\OneDrive - Technion\DS\Tags\VVI\Anonymous (row 0)
[WARNING] XML not found for DICOM '1.2.840.113663.1500.1.392123875.3.30.20200615.94947.27' under C:\Users\oronbarazani\OneDrive - Technion\DS\Tags\VVI\Anonymous (row 1)
[WARNING] XML not found for DICOM '1.2.840.113663.1500.1.392123875.3.27.20200615.94917.658' under C:\Users\oronbarazani\OneDrive - Technion\DS\Tags\VVI\Anonymous (row 1)
[WARNING] XML not found for DICOM '1.2.840.113663.1500.1.392123875.3.24.20200910.102310.157' under C:\Users\oronbarazani\OneDrive - Technion\DS\Tags\VVI\Anonymous (row 2)
[WARNING] XML not found for DICOM '1.2.840.113663.1500.1.392123875.3.22.20200910.102254.584' under C:\Users\oronbarazani\OneDrive - Technion\DS\Tags\VVI\Anonymous (row 2)
[WARNING] XML not found for DICOM '1.2.840.113619.2.391.71622.1606390722.290.1.512' under C:\Users\oronbarazani\OneDrive - Technion\DS\Tags\VVI\Anonymous (row 3)
[WARNING] XML not found for DICOM '1.2.840.113619.2.391.71622.1606390584.282.1.512' under C:\Users\oronbarazani\OneDrive - Technion\DS\Tags\VVI\Anonymous (row 3)
[WARNING] XML not found for DICOM '1.2.840.113663.1500.1.392123875.3.59.20180610.75814.710' under C:\Users\oronbarazani\OneDrive - Technion\DS\Tags\VVI\Anonymous (row 10)
[WARNING] XML not found for DICOM '1.2.840.113663.1500.1.392123875.3.60.20180610.75827.51' under C:\Users\oronbarazani\OneDrive - Technion\DS\Tags\VVI\Anonymous (row 10)
[WARNING] XML not found for DICOM '1.2.840.113663.1500.1.458610090.3.44.20190203.170600.987' under C:\Users\oronbarazani\OneDrive - Technion\DS\Tags\VVI\Anonymous (row 11)
[WARNING] XML not found for DICOM '1.2.840.113663.1500.1.458610090.3.34.20190203.170211.53' under C:\Users\oronbarazani\OneDrive - Technion\DS\Tags\VVI\Anonymous (row 11)
[WARNING] XML not found for DICOM '1.2.840.113663.1500.1.435404991.3.50.20190506.150957.324' under C:\Users\oronbarazani\OneDrive - Technion\DS\Tags\VVI\Anonymous (row 12)
[WARNING] XML not found for DICOM '1.2.840.113663.1500.1.435404991.3.31.20190506.150154.805' under C:\Users\oronbarazani\OneDrive - Technion\DS\Tags\VVI\Anonymous (row 12)
[WARNING] XML not found for DICOM '1.2.840.113619.2.391.71622.1613478445.38.1.512' under C:\Users\oronbarazani\OneDrive - Technion\DS\Tags\VVI\Anonymous (row 13)
[WARNING] XML not found for DICOM '1.2.840.113619.2.391.71622.1613478279.35.1.512' under C:\Users\oronbarazani\OneDrive - Technion\DS\Tags\VVI\Anonymous (row 13)
[WARNING] XML not found for DICOM '1.2.840.113619.2.391.71619.1632066818.518.1.512' under C:\Users\oronbarazani\OneDrive - Technion\DS\Tags\VVI\Anonymous (row 14)
[WARNING] XML not found for DICOM '1.2.840.113619.2.391.71619.1632066784.515.1.512' under C:\Users\oronbarazani\OneDrive - Technion\DS\Tags\VVI\Anonymous (row 14)
[WARNING] XML not found for DICOM '1.2.840.113619.2.394.211705.1639937010.7.1.512' under C:\Users\oronbarazani\OneDrive - Technion\DS\Tags\VVI\Anonymous (row 15)
[WARNING] XML not found for DICOM '1.2.840.113619.2.394.211705.1639936983.4.1.512' under C:\Users\oronbarazani\OneDrive - Technion\DS\Tags\VVI\Anonymous (row 15)
[WARNING] XML not found for DICOM '1.2.840.113663.1500.1.403135434.3.30.20190829.102612.531' under C:\Users\oronbarazani\OneDrive - Technion\DS\Tags\VVI\Anonymous (row 18)
[WARNING] XML not found for DICOM '1.2.840.113663.1500.1.403135434.3.23.20190829.102313.972' under C:\Users\oronbarazani\OneDrive - Technion\DS\Tags\VVI\Anonymous (row 18)
[WARNING] XML not found for DICOM '1.2.840.113663.1500.1.435404991.3.29.20191210.150639.689' under C:\Users\oronbarazani\OneDrive - Technion\DS\Tags\VVI\Anonymous (row 19)
[WARNING] XML not found for DICOM '1.2.840.113663.1500.1.435404991.3.39.20191210.151029.74' under C:\Users\oronbarazani\OneDrive - Technion\DS\Tags\VVI\Anonymous (row 19)
[WARNING] XML not found for DICOM '1.2.840.113663.1500.1.435404991.3.29.20200804.160608.832' under C:\Users\oronbarazani\OneDrive - Technion\DS\Tags\VVI\Anonymous (row 20)
[WARNING] XML not found for DICOM '1.2.840.113663.1500.1.435404991.3.52.20200804.161549.738' under C:\Users\oronbarazani\OneDrive - Technion\DS\Tags\VVI\Anonymous (row 20)
[WARNING] XML not found for DICOM '1.2.840.113663.1500.1.392123875.3.84.20190926.113203.378' under C:\Users\oronbarazani\OneDrive - Technion\DS\Tags\VVI\Anonymous (row 21)
[WARNING] XML not found for DICOM '1.2.840.113663.1500.1.392123875.3.59.20190926.112759.552' under C:\Users\oronbarazani\OneDrive - Technion\DS\Tags\VVI\Anonymous (row 21)
[WARNING] XML not found for DICOM '1.2.840.113619.2.391.71622.1631536703.152.1.512' under C:\Users\oronbarazani\OneDrive - Technion\DS\Tags\VVI\Anonymous (row 23)
[WARNING] XML not found for DICOM '1.2.840.113619.2.391.71622.1631536664.150.1.512' under C:\Users\oronbarazani\OneDrive - Technion\DS\Tags\VVI\Anonymous (row 23)
[WARNING] XML not found for DICOM '1.2.840.113619.2.391.71622.1661159465.28.1.512' under C:\Users\oronbarazani\OneDrive - Technion\DS\Tags\VVI\Anonymous (row 24)
[WARNING] XML not found for DICOM '1.2.840.113619.2.391.71622.1661159421.24.1.512' under C:\Users\oronbarazani\OneDrive - Technion\DS\Tags\VVI\Anonymous (row 24)
[WARNING] XML not found for DICOM '1.2.840.113619.2.391.71622.1609241842.128.1.512' under C:\Users\oronbarazani\OneDrive - Technion\DS\Tags\VVI\Anonymous (row 27)
[WARNING] XML not found for DICOM '1.2.840.113619.2.391.71622.1609241852.129.1.512' under C:\Users\oronbarazani\OneDrive - Technion\DS\Tags\VVI\Anonymous (row 27)
[WARNING] XML not found for DICOM '1.2.840.113663.1500.1.392123875.3.59.20210412.93229.890' under C:\Users\oronbarazani\OneDrive - Technion\DS\Tags\VVI\Anonymous (row 28)
[WARNING] XML not found for DICOM '1.2.840.113663.1500.1.392123875.3.32.20210412.92912.618' under C:\Users\oronbarazani\OneDrive - Technion\DS\Tags\VVI\Anonymous (row 28)
[WARNING] XML not found for DICOM '1.2.840.113663.1500.1.458610090.3.40.20210809.160045.491' under C:\Users\oronbarazani\OneDrive - Technion\DS\Tags\VVI\Anonymous (row 29)
[WARNING] XML not found for DICOM '1.2.840.113663.1500.1.458610090.3.27.20210809.155646.546' under C:\Users\oronbarazani\OneDrive - Technion\DS\Tags\VVI\Anonymous (row 29)
[WARNING] XML not found for DICOM '1.2.840.113619.2.391.71619.1650442471.35.1.512' under C:\Users\oronbarazani\OneDrive - Technion\DS\Tags\VVI\Anonymous (row 30)
[WARNING] XML not found for DICOM '1.2.840.113619.2.391.71619.1650442487.36.1.512' under C:\Users\oronbarazani\OneDrive - Technion\DS\Tags\VVI\Anonymous (row 30)
[WARNING] XML not found for DICOM '1.2.840.113619.2.391.71619.1656839974.41.1.512' under C:\Users\oronbarazani\OneDrive - Technion\DS\Tags\VVI\Anonymous (row 31)
[WARNING] XML not found for DICOM '1.2.840.113619.2.391.71619.1656839698.23.1.512' under C:\Users\oronbarazani\OneDrive - Technion\DS\Tags\VVI\Anonymous (row 31)
[WARNING] XML not found for DICOM '1.2.840.113619.2.391.71619.1661682851.26.1.512' under C:\Users\oronbarazani\OneDrive - Technion\DS\Tags\VVI\Anonymous (row 32)
[WARNING] XML not found for DICOM '1.2.840.113619.2.391.71619.1661682821.25.1.512' under C:\Users\oronbarazani\OneDrive - Technion\DS\Tags\VVI\Anonymous (row 32)
[WARNING] XML not found for DICOM '1.2.840.113619.2.391.71619.1669549142.146.1.512' under C:\Users\oronbarazani\OneDrive - Technion\DS\Tags\VVI\Anonymous (row 33)
[WARNING] XML not found for DICOM '1.2.840.113619.2.391.71619.1669548985.135.1.512' under C:\Users\oronbarazani\OneDrive - Technion\DS\Tags\VVI\Anonymous (row 33)
[WARNING] XML not found for DICOM '1.2.840.113619.2.394.211705.1677154018.8.1.512' under C:\Users\oronbarazani\OneDrive - Technion\DS\Tags\VVI\Anonymous (row 34)
[WARNING] XML not found for DICOM '1.2.840.113619.2.394.211705.1677153979.3.1.512' under C:\Users\oronbarazani\OneDrive - Technion\DS\Tags\VVI\Anonymous (row 34)
[WARNING] XML not found for DICOM '1.2.840.113663.1500.1.435404991.3.48.20211110.173723.445' under C:\Users\oronbarazani\OneDrive - Technion\DS\Tags\VVI\Anonymous (row 40)
[WARNING] XML not found for DICOM '1.2.840.113663.1500.1.435404991.3.31.20211110.173229.973' under C:\Users\oronbarazani\OneDrive - Technion\DS\Tags\VVI\Anonymous (row 40)
[WARNING] XML not found for DICOM '1.2.840.113619.2.394.211705.1644405394.159.1.512' under C:\Users\oronbarazani\OneDrive - Technion\DS\Tags\VVI\Anonymous (row 41)
[WARNING] XML not found for DICOM '1.2.840.113619.2.394.211705.1644405035.135.1.512' under C:\Users\oronbarazani\OneDrive - Technion\DS\Tags\VVI\Anonymous (row 41)
[WARNING] XML not found for DICOM '1.2.840.113619.2.391.71622.1651418605.658.1.512' under C:\Users\oronbarazani\OneDrive - Technion\DS\Tags\VVI\Anonymous (row 42)
[WARNING] XML not found for DICOM '1.2.840.113619.2.391.71622.1651418582.656.1.512' under C:\Users\oronbarazani\OneDrive - Technion\DS\Tags\VVI\Anonymous (row 42)
[WARNING] XML not found for DICOM '1.2.840.113619.2.391.71622.1670868248.119.1.512' under C:\Users\oronbarazani\OneDrive - Technion\DS\Tags\VVI\Anonymous (row 43)
[WARNING] XML not found for DICOM '1.2.840.113619.2.391.71622.1670868218.118.1.512' under C:\Users\oronbarazani\OneDrive - Technion\DS\Tags\VVI\Anonymous (row 43)
[WARNING] XML not found for DICOM '1.2.840.113619.2.391.71622.1653469047.129.1.512' under C:\Users\oronbarazani\OneDrive - Technion\DS\Tags\VVI\Anonymous (row 44)
[WARNING] XML not found for DICOM '1.2.840.113619.2.391.71622.1653469037.128.1.512' under C:\Users\oronbarazani\OneDrive - Technion\DS\Tags\VVI\Anonymous (row 44)
[WARNING] XML not found for DICOM '1.2.840.113619.2.391.71622.1661096802.353.1.512' under C:\Users\oronbarazani\OneDrive - Technion\DS\Tags\VVI\Anonymous (row 45)
[WARNING] XML not found for DICOM '1.2.840.113619.2.391.71622.1661096750.349.1.512' under C:\Users\oronbarazani\OneDrive - Technion\DS\Tags\VVI\Anonymous (row 45)
[WARNING] XML not found for DICOM '1.2.840.113619.2.394.211705.1673195937.5.1.512' under C:\Users\oronbarazani\OneDrive - Technion\DS\Tags\VVI\Anonymous (row 46)
[WARNING] XML not found for DICOM '1.2.840.113619.2.394.211705.1673195923.3.1.512' under C:\Users\oronbarazani\OneDrive - Technion\DS\Tags\VVI\Anonymous (row 46)
[WARNING] XML not found for DICOM '1.2.840.113619.2.391.71619.1680447653.499.1.512' under C:\Users\oronbarazani\OneDrive - Technion\DS\Tags\VVI\Anonymous (row 47)
[WARNING] XML not found for DICOM '1.2.840.113619.2.391.71619.1680447566.491.1.512' under C:\Users\oronbarazani\OneDrive - Technion\DS\Tags\VVI\Anonymous (row 47)
[WARNING] XML not found for DICOM '1.2.840.113619.2.391.71622.1627389820.444.1.512' under C:\Users\oronbarazani\OneDrive - Technion\DS\Tags\VVI\Anonymous (row 50)
[WARNING] XML not found for DICOM '1.2.840.113663.1500.1.248204742.3.29.20180221.82933.578' under C:\Users\oronbarazani\OneDrive - Technion\DS\Tags\VVI\Anonymous (row 67)
[WARNING] XML not found for DICOM '1.2.840.113663.1500.1.248204742.3.20.20180221.82537.562' under C:\Users\oronbarazani\OneDrive - Technion\DS\Tags\VVI\Anonymous (row 67)
[WARNING] XML not found for DICOM '1.2.840.113663.1500.1.435404991.3.38.20180107.101105.476' under C:\Users\oronbarazani\OneDrive - Technion\DS\Tags\VVI\Anonymous (row 83)
[WARNING] XML not found for DICOM '1.2.840.113663.1500.1.435404991.3.39.20180107.101110.76' under C:\Users\oronbarazani\OneDrive - Technion\DS\Tags\VVI\Anonymous (row 83)
[WARNING] XML not found for DICOM '1.2.840.113663.1500.1.379902169.3.84.20180415.90518.406' under C:\Users\oronbarazani\OneDrive - Technion\DS\Tags\VVI\Anonymous (row 137)
[WARNING] XML not found for DICOM '1.2.840.113663.1500.1.379902169.3.61.20180415.85138.46' under C:\Users\oronbarazani\OneDrive - Technion\DS\Tags\VVI\Anonymous (row 137)
[WARNING] XML not found for DICOM '1.2.840.113663.1500.1.248204742.3.25.20180117.130051.890' under C:\Users\oronbarazani\OneDrive - Technion\DS\Tags\VVI\Anonymous (row 195)
[WARNING] XML not found for DICOM '1.2.840.113663.1500.1.248204742.3.26.20180501.103256.203' under C:\Users\oronbarazani\OneDrive - Technion\DS\Tags\VVI\Anonymous (row 197)
[WARNING] XML not found for DICOM '1.2.840.113663.1500.1.248204742.3.23.20180501.103205.437' under C:\Users\oronbarazani\OneDrive - Technion\DS\Tags\VVI\Anonymous (row 197)
[WARNING] XML not found for DICOM '1.2.840.113663.1500.1.379902169.3.36.20180603.131447.343' under C:\Users\oronbarazani\OneDrive - Technion\DS\Tags\VVI\Anonymous (row 204)
[WARNING] XML not found for DICOM '1.2.840.113663.1500.1.392123875.3.31.20180204.161130.386' under C:\Users\oronbarazani\OneDrive - Technion\DS\Tags\VVI\Anonymous (row 206)
[WARNING] XML not found for DICOM '1.2.840.113663.1500.1.392123875.3.34.20180204.161149.504' under C:\Users\oronbarazani\OneDrive - Technion\DS\Tags\VVI\Anonymous (row 206)
[WARNING] XML not found for DICOM '1.2.840.113663.1500.1.379902169.3.62.20180225.152719.78' under C:\Users\oronbarazani\OneDrive - Technion\DS\Tags\VVI\Anonymous (row 207)
[WARNING] XML not found for DICOM '1.2.840.113663.1500.1.379902169.3.31.20180225.152136.453' under C:\Users\oronbarazani\OneDrive - Technion\DS\Tags\VVI\Anonymous (row 207)
[WARNING] XML not found for DICOM '1.2.840.113663.1500.1.392123875.3.65.20201209.171942.642' under C:\Users\oronbarazani\OneDrive - Technion\DS\Tags\VVI\Anonymous (row 215)
[WARNING] XML not found for DICOM '1.2.840.113663.1500.1.403113227.3.38.20210426.122422.632' under C:\Users\oronbarazani\OneDrive - Technion\DS\Tags\VVI\Anonymous (row 216)
[WARNING] XML not found for DICOM '1.2.840.113663.1500.1.379902169.3.27.20180123.194717.406' under C:\Users\oronbarazani\OneDrive - Technion\DS\Tags\VVI\Anonymous (row 222)
[WARNING] XML not found for DICOM '1.2.840.113663.1500.1.379902169.3.24.20180123.194630.796' under C:\Users\oronbarazani\OneDrive - Technion\DS\Tags\VVI\Anonymous (row 222)
[WARNING] XML not found for DICOM '1.2.840.113663.1500.1.435404991.3.24.20180507.173427.271' under C:\Users\oronbarazani\OneDrive - Technion\DS\Tags\VVI\Anonymous (row 223)
[WARNING] XML not found for DICOM '1.2.840.113663.1500.1.435404991.3.32.20180507.173913.960' under C:\Users\oronbarazani\OneDrive - Technion\DS\Tags\VVI\Anonymous (row 223)
[WARNING] XML not found for DICOM '1.2.840.113619.2.391.71619.1606152892.298.1.512' under C:\Users\oronbarazani\OneDrive - Technion\DS\Tags\VVI\Anonymous (row 240)
[WARNING] XML not found for DICOM '1.2.840.113663.1500.1.248204742.3.44.20180311.92356.0' under C:\Users\oronbarazani\OneDrive - Technion\DS\Tags\VVI\Anonymous (row 285)
[WARNING] XML not found for DICOM '1.2.840.113663.1500.1.248204742.3.43.20180311.92343.859' under C:\Users\oronbarazani\OneDrive - Technion\DS\Tags\VVI\Anonymous (row 285)
[WARNING] XML not found for DICOM '1.2.840.113663.1500.1.248204742.3.29.20180506.164148.234' under C:\Users\oronbarazani\OneDrive - Technion\DS\Tags\VVI\Anonymous (row 308)
[WARNING] XML not found for DICOM '1.2.840.113663.1500.1.248204742.3.27.20180506.164128.859' under C:\Users\oronbarazani\OneDrive - Technion\DS\Tags\VVI\Anonymous (row 308)
[WARNING] XML not found for DICOM '1.2.840.113619.2.391.71619.1626701747.286.1.512' under C:\Users\oronbarazani\OneDrive - Technion\DS\Tags\VVI\Anonymous (row 328)
[WARNING] XML not found for DICOM '1.2.840.113663.1500.1.435404991.3.50.20180212.95714.552' under C:\Users\oronbarazani\OneDrive - Technion\DS\Tags\VVI\Anonymous (row 348)
[WARNING] XML not found for DICOM '1.2.840.113663.1500.1.435404991.3.24.20180212.94910.117' under C:\Users\oronbarazani\OneDrive - Technion\DS\Tags\VVI\Anonymous (row 348)
[WARNING] XML not found for DICOM '1.2.840.113663.1500.1.379902169.3.61.20210729.105735.562' under C:\Users\oronbarazani\OneDrive - Technion\DS\Tags\VVI\Anonymous (row 355)
[WARNING] XML not found for DICOM '1.2.840.113663.1500.1.248204742.3.48.20180415.104304.296' under C:\Users\oronbarazani\OneDrive - Technion\DS\Tags\VVI\Anonymous (row 361)
[WARNING] XML not found for DICOM '1.2.840.113663.1500.1.248204742.3.31.20180415.103636.703' under C:\Users\oronbarazani\OneDrive - Technion\DS\Tags\VVI\Anonymous (row 361)
[WARNING] XML not found for DICOM '1.2.840.113663.1500.1.248204742.3.32.20180123.100421.203' under C:\Users\oronbarazani\OneDrive - Technion\DS\Tags\VVI\Anonymous (row 380)
[WARNING] XML not found for DICOM '1.2.840.113663.1500.1.248204742.3.40.20180123.100603.156' under C:\Users\oronbarazani\OneDrive - Technion\DS\Tags\VVI\Anonymous (row 380)
[WARNING] XML not found for DICOM '1.2.840.113663.1500.1.392123875.3.26.20180110.92634.86' under C:\Users\oronbarazani\OneDrive - Technion\DS\Tags\VVI\Anonymous (row 398)
[WARNING] XML not found for DICOM '1.2.840.113663.1500.1.392123875.3.21.20180110.92447.851' under C:\Users\oronbarazani\OneDrive - Technion\DS\Tags\VVI\Anonymous (row 398)
[WARNING] XML not found for DICOM '1.2.840.113619.2.391.71622.1624804955.383.1.512' under C:\Users\oronbarazani\OneDrive - Technion\DS\Tags\VVI\Anonymous (row 409)
[WARNING] XML not found for DICOM '1.2.840.113619.2.391.71622.1624805111.395.1.512' under C:\Users\oronbarazani\OneDrive - Technion\DS\Tags\VVI\Anonymous (row 409)
[WARNING] XML not found for DICOM '1.2.840.113619.2.391.71622.1624804848.377.1.512' under C:\Users\oronbarazani\OneDrive - Technion\DS\Tags\VVI\Anonymous (row 409)
[WARNING] XML not found for DICOM '1.2.840.113619.2.391.71622.1624804945.382.1.512' under C:\Users\oronbarazani\OneDrive - Technion\DS\Tags\VVI\Anonymous (row 409)
[WARNING] XML not found for DICOM '1.2.840.113619.2.391.71622.1624805104.394.1.512' under C:\Users\oronbarazani\OneDrive - Technion\DS\Tags\VVI\Anonymous (row 409)
[ERROR] No records parsed. Check paths and XML structure.
[WARNING] Skipped saving empty dataset.
[INFO] Saved dataset: C:\Users\oronbarazani\OneDrive - Technion\DS\Tags_SZMC\VVI\processed\strain_dataset.parquet with 976 rows (29 patients, 55 studies).
[INFO] Saved dataset: C:\Users\oronbarazani\OneDrive - Technion\DS\Tags_SZMC\VVI\processed\strain_dataset.parquet with 976 rows (29 patients, 55 studies).
[INFO] Saved dataset: C:\Users\oronbarazani\OneDrive - Technion\DS\Tags_SZMC\VVI\processed\strain_dataset.parquet with 976 rows (29 patients, 55 studies).
[INFO] Total unique patients with ≥3 studies: 65
[INFO] Processed patients with ≥3 studies: 9
